<?xml version="1.0" encoding="UTF-8"?>
<!-- Generated by org.testng.reporters.JUnitReportReporter -->
<testsuite hostname="SRIKANTH-LAPTOP" failures="0" tests="3" name="ScryAIGroundX.com.qa.runner.ForgotPasswordRunner" time="48.781" errors="0" timestamp="2023-12-21T12:43:53 IST" skipped="0">
  <testcase classname="ScryAIGroundX.com.qa.runner.ForgotPasswordRunner" name="runScenario" time="20.007"/>
  <testcase classname="ScryAIGroundX.com.qa.runner.ForgotPasswordRunner" name="runScenario" time="19.393"/>
  <testcase classname="ScryAIGroundX.com.qa.runner.ForgotPasswordRunner" name="runScenario" time="9.381"/>
</testsuite> <!-- ScryAIGroundX.com.qa.runner.ForgotPasswordRunner -->
