<?xml version="1.0" encoding="UTF-8"?>
<!-- Generated by org.testng.reporters.JUnitReportReporter -->
<testsuite hostname="SRIKANTH-LAPTOP" failures="0" tests="1" name="ScryAIGroundX.com.qa.runner.WorkspacesRunner" time="53.457" errors="0" timestamp="2023-12-20T13:24:15 IST" skipped="0">
  <testcase classname="ScryAIGroundX.com.qa.runner.WorkspacesRunner" name="runScenario" time="53.457"/>
</testsuite> <!-- ScryAIGroundX.com.qa.runner.WorkspacesRunner -->
